2019-12-28 11:06:11.370  INFO 9020 --- [restartedMain] h.s.workout.sensor.SensorApplication     : Starting SensorApplication on TOMEK with PID 9020 (C:\git_workspace\sensor\target\classes started by Tomek in C:\git_workspace\sensor)
2019-12-28 11:06:11.373  INFO 9020 --- [restartedMain] h.s.workout.sensor.SensorApplication     : No active profile set, falling back to default profiles: default
2019-12-28 11:06:11.463  INFO 9020 --- [restartedMain] o.s.b.devtools.restart.ChangeableUrls    : The Class-Path manifest attribute in C:\Users\Tomek\.m2\repository\org\glassfish\jaxb\jaxb-runtime\2.3.2\jaxb-runtime-2.3.2.jar referenced one or more files that do not exist: file:/C:/Users/Tomek/.m2/repository/org/glassfish/jaxb/jaxb-runtime/2.3.2/jakarta.xml.bind-api-2.3.2.jar,file:/C:/Users/Tomek/.m2/repository/org/glassfish/jaxb/jaxb-runtime/2.3.2/txw2-2.3.2.jar,file:/C:/Users/Tomek/.m2/repository/org/glassfish/jaxb/jaxb-runtime/2.3.2/istack-commons-runtime-3.0.8.jar,file:/C:/Users/Tomek/.m2/repository/org/glassfish/jaxb/jaxb-runtime/2.3.2/stax-ex-1.8.1.jar,file:/C:/Users/Tomek/.m2/repository/org/glassfish/jaxb/jaxb-runtime/2.3.2/FastInfoset-1.2.16.jar,file:/C:/Users/Tomek/.m2/repository/org/glassfish/jaxb/jaxb-runtime/2.3.2/jakarta.activation-api-1.2.1.jar
2019-12-28 11:06:11.465  INFO 9020 --- [restartedMain] .e.DevToolsPropertyDefaultsPostProcessor : Devtools property defaults active! Set 'spring.devtools.add-properties' to 'false' to disable
2019-12-28 11:06:11.466  INFO 9020 --- [restartedMain] .e.DevToolsPropertyDefaultsPostProcessor : For additional web related logging consider setting the 'logging.level.web' property to 'DEBUG'
2019-12-28 11:06:12.860  INFO 9020 --- [restartedMain] .s.d.r.c.RepositoryConfigurationDelegate : Bootstrapping Spring Data repositories in DEFAULT mode.
2019-12-28 11:06:12.952  INFO 9020 --- [restartedMain] .s.d.r.c.RepositoryConfigurationDelegate : Finished Spring Data repository scanning in 77ms. Found 1 repository interfaces.
2019-12-28 11:06:13.551  INFO 9020 --- [restartedMain] trationDelegate$BeanPostProcessorChecker : Bean 'org.springframework.transaction.annotation.ProxyTransactionManagementConfiguration' of type [org.springframework.transaction.annotation.ProxyTransactionManagementConfiguration] is not eligible for getting processed by all BeanPostProcessors (for example: not eligible for auto-proxying)
2019-12-28 11:06:14.119  INFO 9020 --- [restartedMain] o.s.b.w.embedded.tomcat.TomcatWebServer  : Tomcat initialized with port(s): 8080 (http)
2019-12-28 11:06:14.134  INFO 9020 --- [restartedMain] o.apache.catalina.core.StandardService   : Starting service [Tomcat]
2019-12-28 11:06:14.134  INFO 9020 --- [restartedMain] org.apache.catalina.core.StandardEngine  : Starting Servlet engine: [Apache Tomcat/9.0.27]
2019-12-28 11:06:14.269  INFO 9020 --- [restartedMain] o.a.c.c.C.[.[localhost].[/sensor-api]    : Initializing Spring embedded WebApplicationContext
2019-12-28 11:06:14.940  INFO 9020 --- [restartedMain] o.hibernate.jpa.internal.util.LogHelper  : HHH000204: Processing PersistenceUnitInfo [name: default]
2019-12-28 11:06:15.043  INFO 9020 --- [restartedMain] org.hibernate.Version                    : HHH000412: Hibernate Core {5.4.6.Final}
2019-12-28 11:06:15.278  INFO 9020 --- [restartedMain] o.hibernate.annotations.common.Version   : HCANN000001: Hibernate Commons Annotations {5.1.0.Final}
2019-12-28 11:06:15.446  INFO 9020 --- [restartedMain] com.zaxxer.hikari.HikariDataSource       : HikariPool-1 - Starting...
2019-12-28 11:06:15.676  INFO 9020 --- [restartedMain] com.zaxxer.hikari.HikariDataSource       : HikariPool-1 - Start completed.
2019-12-28 11:06:15.701  INFO 9020 --- [restartedMain] org.hibernate.dialect.Dialect            : HHH000400: Using dialect: org.hibernate.dialect.MySQL5InnoDBDialect
2019-12-28 11:06:16.705  INFO 9020 --- [restartedMain] o.h.e.t.j.p.i.JtaPlatformInitiator       : HHH000490: Using JtaPlatform implementation: [org.hibernate.engine.transaction.jta.platform.internal.NoJtaPlatform]
2019-12-28 11:06:16.714  INFO 9020 --- [restartedMain] j.LocalContainerEntityManagerFactoryBean : Initialized JPA EntityManagerFactory for persistence unit 'default'
2019-12-28 11:06:16.730  INFO 9020 --- [restartedMain] o.s.b.d.a.OptionalLiveReloadServer       : LiveReload server is running on port 35729
2019-12-28 11:06:17.395  WARN 9020 --- [restartedMain] JpaBaseConfiguration$JpaWebConfiguration : spring.jpa.open-in-view is enabled by default. Therefore, database queries may be performed during view rendering. Explicitly configure spring.jpa.open-in-view to disable this warning
2019-12-28 11:06:17.702  INFO 9020 --- [restartedMain] o.s.s.concurrent.ThreadPoolTaskExecutor  : Initializing ExecutorService 'applicationTaskExecutor'
2019-12-28 11:06:18.090  INFO 9020 --- [restartedMain] o.s.b.a.e.web.EndpointLinksResolver      : Exposing 2 endpoint(s) beneath base path '/actuator'
2019-12-28 11:06:18.166  INFO 9020 --- [restartedMain] o.s.b.w.embedded.tomcat.TomcatWebServer  : Tomcat started on port(s): 8080 (http) with context path '/sensor-api'
2019-12-28 11:06:18.169  INFO 9020 --- [restartedMain] h.s.workout.sensor.SensorApplication     : Started SensorApplication in 7.453 seconds (JVM running for 8.376)
2019-12-28 11:06:25.163  INFO 9020 --- [http-nio-8080-exec-1] o.a.c.c.C.[.[localhost].[/sensor-api]    : Initializing Spring DispatcherServlet 'dispatcherServlet'
2019-12-28 11:06:25.241 TRACE 9020 --- [http-nio-8080-exec-1] org.zalando.logbook.Logbook              : {"origin":"remote","type":"request","correlation":"970a309a355c747d","protocol":"HTTP/1.1","remote":"0:0:0:0:0:0:0:1","method":"GET","uri":"http://localhost:8080/sensor-api/sensor/1v2f3t","headers":{"accept":["*/*"],"accept-encoding":["gzip, deflate"],"cache-control":["no-cache"],"connection":["keep-alive"],"host":["localhost:8080"],"postman-token":["6ed7e97f-98ad-4a30-b367-d25937d8323e"],"user-agent":["PostmanRuntime/7.19.0"]}}
2019-12-28 11:06:25.673 TRACE 9020 --- [http-nio-8080-exec-1] org.zalando.logbook.Logbook              : {"origin":"local","type":"response","correlation":"970a309a355c747d","duration":471,"protocol":"HTTP/1.1","status":200,"headers":{"Content-Type":["application/json"],"Date":["Sat, 28 Dec 2019 10:06:25 GMT"],"Transfer-Encoding":["chunked"]},"body":[{"id":1,"value":"180","type":"PULL_UP","machineId":"1v2f3t"},{"id":2,"value":"185","type":"PULL_UP","machineId":"1v2f3t"},{"id":4,"value":"181","type":"PULL_UP","machineId":"1v2f3t"}]}
2019-12-28 11:30:03.939  INFO 9020 --- [SpringContextShutdownHook] o.s.s.concurrent.ThreadPoolTaskExecutor  : Shutting down ExecutorService 'applicationTaskExecutor'
2019-12-28 11:30:03.940  INFO 9020 --- [SpringContextShutdownHook] j.LocalContainerEntityManagerFactoryBean : Closing JPA EntityManagerFactory for persistence unit 'default'
2019-12-28 11:30:03.946  INFO 9020 --- [SpringContextShutdownHook] com.zaxxer.hikari.HikariDataSource       : HikariPool-1 - Shutdown initiated...
2019-12-28 11:30:03.969  INFO 9020 --- [SpringContextShutdownHook] com.zaxxer.hikari.HikariDataSource       : HikariPool-1 - Shutdown completed.
